{
  "stats": {
    "suites": 1,
    "tests": 1,
    "passes": 1,
    "pending": 0,
    "failures": 0,
    "start": "2022-09-07T17:02:46.898Z",
    "end": "2022-09-07T17:03:01.475Z",
    "duration": 14577,
    "testsRegistered": 1,
    "passPercent": 100,
    "pendingPercent": 0,
    "other": 0,
    "hasOther": false,
    "skipped": 0,
    "hasSkipped": false
  },
  "results": [
    {
      "uuid": "5212bd4c-e99c-4fad-a5c8-1948edcd15e6",
      "title": "",
      "fullFile": "cypress/integration/home.spec.js",
      "file": "cypress/integration/home.spec.js",
      "beforeHooks": [],
      "afterHooks": [],
      "tests": [],
      "suites": [
        {
          "uuid": "891df605-cf98-44ac-98b9-df05dc62d7d3",
          "title": "home page",
          "fullFile": "",
          "file": "",
          "beforeHooks": [],
          "afterHooks": [],
          "tests": [
            {
              "title": "app deve ficar online",
              "fullTitle": "home page app deve ficar online",
              "timedOut": null,
              "duration": 6002,
              "state": "passed",
              "speed": "medium",
              "pass": true,
              "fail": false,
              "pending": false,
              "context": null,
              "code": "cy.viewport(1920, 1080);\ncy.visit('https://buger-eats.vercel.app');\ncy.get('#page-home main h1').should('have.text', 'Seja um parceiro entregador pela Buger Eats');",
              "err": {},
              "uuid": "c9aa710c-6e77-4b18-ae1f-f057c8d412da",
              "parentUUID": "891df605-cf98-44ac-98b9-df05dc62d7d3",
              "isHook": false,
              "skipped": false
            }
          ],
          "suites": [],
          "passes": [
            "c9aa710c-6e77-4b18-ae1f-f057c8d412da"
          ],
          "failures": [],
          "pending": [],
          "skipped": [],
          "duration": 6002,
          "root": false,
          "rootEmpty": false,
          "_timeout": 2000
        }
      ],
      "passes": [],
      "failures": [],
      "pending": [],
      "skipped": [],
      "duration": 0,
      "root": true,
      "rootEmpty": true,
      "_timeout": 2000
    }
  ],
  "meta": {
    "mocha": {
      "version": "7.0.1"
    },
    "mochawesome": {
      "options": {
        "quiet": false,
        "reportFilename": "mochawesome",
        "saveHtml": true,
        "saveJson": true,
        "consoleReporter": "spec",
        "useInlineDiffs": false,
        "code": true
      },
      "version": "7.1.3"
    },
    "marge": {
      "options": null,
      "version": "6.2.0"
    }
  }
}